<?xml version="1.0" encoding="UTF-8"?>
<testsuite name="org.gradle.webservice.TestTestTest" tests="2" skipped="0" failures="0" errors="0" timestamp="2016-06-29T11:35:49" hostname="ip-10-0-2-15.eu-west-1.compute.internal" time="0.014">
  <properties/>
  <testcase name="testClasspath" classname="org.gradle.webservice.TestTestTest" time="0.011"/>
  <testcase name="testApiCompileClasspath" classname="org.gradle.webservice.TestTestTest" time="0.0"/>
  <system-out><![CDATA[]]></system-out>
  <system-err><![CDATA[]]></system-err>
</testsuite>
